2017-10-21 17:15:59.520  INFO 8940 --- [main] c.z.MicroServiceProviderApplication      : The following profiles are active: win
2017-10-21 17:15:59.540  INFO 8940 --- [main] ationConfigEmbeddedWebApplicationContext : Refreshing org.springframework.boot.context.embedded.AnnotationConfigEmbeddedWebApplicationContext@5149f008: startup date [Sat Oct 21 17:15:59 CST 2017]; parent: org.springframework.context.annotation.AnnotationConfigApplicationContext@5e600dd5
2017-10-21 17:16:00.150  INFO 8940 --- [main] o.s.cloud.context.scope.GenericScope     : BeanFactory id=123cf2d2-7393-3da4-a617-ed42302db251
2017-10-21 17:16:00.168  INFO 8940 --- [main] f.a.AutowiredAnnotationBeanPostProcessor : JSR-330 'javax.inject.Inject' annotation found and supported for autowiring
2017-10-21 17:16:00.213  INFO 8940 --- [main] trationDelegate$BeanPostProcessorChecker : Bean 'org.springframework.cloud.autoconfigure.ConfigurationPropertiesRebinderAutoConfiguration' of type [org.springframework.cloud.autoconfigure.ConfigurationPropertiesRebinderAutoConfiguration$$EnhancerBySpringCGLIB$$965c9daa] is not eligible for getting processed by all BeanPostProcessors (for example: not eligible for auto-proxying)
2017-10-21 17:16:00.500  INFO 8940 --- [main] s.b.c.e.t.TomcatEmbeddedServletContainer : Tomcat initialized with port(s): 7070 (http)
2017-10-21 17:16:00.507  INFO 8940 --- [main] o.apache.catalina.core.StandardService   : Starting service [Tomcat]
2017-10-21 17:16:00.507  INFO 8940 --- [main] org.apache.catalina.core.StandardEngine  : Starting Servlet Engine: Apache Tomcat/8.5.23
2017-10-21 17:16:00.598  INFO 8940 --- [localhost-startStop-1] o.a.c.c.C.[.[.[/micro-service-provider]  : Initializing Spring embedded WebApplicationContext
2017-10-21 17:16:00.598  INFO 8940 --- [localhost-startStop-1] o.s.web.context.ContextLoader            : Root WebApplicationContext: initialization completed in 1058 ms
2017-10-21 17:16:00.710  INFO 8940 --- [localhost-startStop-1] o.s.b.w.servlet.ServletRegistrationBean  : Mapping servlet: 'dispatcherServlet' to [/]
2017-10-21 17:16:00.714  INFO 8940 --- [localhost-startStop-1] o.s.b.w.servlet.FilterRegistrationBean   : Mapping filter: 'characterEncodingFilter' to: [/*]
2017-10-21 17:16:00.714  INFO 8940 --- [localhost-startStop-1] o.s.b.w.servlet.FilterRegistrationBean   : Mapping filter: 'hiddenHttpMethodFilter' to: [/*]
2017-10-21 17:16:00.714  INFO 8940 --- [localhost-startStop-1] o.s.b.w.servlet.FilterRegistrationBean   : Mapping filter: 'httpPutFormContentFilter' to: [/*]
2017-10-21 17:16:00.714  INFO 8940 --- [localhost-startStop-1] o.s.b.w.servlet.FilterRegistrationBean   : Mapping filter: 'requestContextFilter' to: [/*]
2017-10-21 17:16:00.748  WARN 8940 --- [main] ationConfigEmbeddedWebApplicationContext : Exception encountered during context initialization - cancelling refresh attempt: org.springframework.beans.factory.UnsatisfiedDependencyException: Error creating bean with name 'indexController': Unsatisfied dependency expressed through field 'client'; nested exception is org.springframework.beans.factory.NoSuchBeanDefinitionException: No qualifying bean of type 'com.netflix.discovery.DiscoveryClient' available: expected at least 1 bean which qualifies as autowire candidate. Dependency annotations: {@org.springframework.beans.factory.annotation.Autowired(required=true)}
2017-10-21 17:16:00.749  INFO 8940 --- [main] o.apache.catalina.core.StandardService   : Stopping service [Tomcat]
2017-10-21 17:16:00.775  INFO 8940 --- [main] utoConfigurationReportLoggingInitializer : 

Error starting ApplicationContext. To display the auto-configuration report re-run your application with 'debug' enabled.
2017-10-21 17:16:00.890 ERROR 8940 --- [main] o.s.b.d.LoggingFailureAnalysisReporter   : 

***************************
APPLICATION FAILED TO START
***************************

Description:

Field client in com.zhoufa.controller.IndexController required a bean of type 'com.netflix.discovery.DiscoveryClient' that could not be found.


Action:

Consider defining a bean of type 'com.netflix.discovery.DiscoveryClient' in your configuration.

2017-10-21 17:16:12.999  INFO 15720 --- [main] c.z.MicroServiceProviderApplication      : The following profiles are active: win
2017-10-21 17:16:13.029  INFO 15720 --- [main] ationConfigEmbeddedWebApplicationContext : Refreshing org.springframework.boot.context.embedded.AnnotationConfigEmbeddedWebApplicationContext@1e044120: startup date [Sat Oct 21 17:16:13 CST 2017]; parent: org.springframework.context.annotation.AnnotationConfigApplicationContext@5e600dd5
2017-10-21 17:16:13.646  INFO 15720 --- [main] o.s.cloud.context.scope.GenericScope     : BeanFactory id=123cf2d2-7393-3da4-a617-ed42302db251
2017-10-21 17:16:13.667  INFO 15720 --- [main] f.a.AutowiredAnnotationBeanPostProcessor : JSR-330 'javax.inject.Inject' annotation found and supported for autowiring
2017-10-21 17:16:13.715  INFO 15720 --- [main] trationDelegate$BeanPostProcessorChecker : Bean 'org.springframework.cloud.autoconfigure.ConfigurationPropertiesRebinderAutoConfiguration' of type [org.springframework.cloud.autoconfigure.ConfigurationPropertiesRebinderAutoConfiguration$$EnhancerBySpringCGLIB$$e53a87d1] is not eligible for getting processed by all BeanPostProcessors (for example: not eligible for auto-proxying)
2017-10-21 17:16:14.042  INFO 15720 --- [main] s.b.c.e.t.TomcatEmbeddedServletContainer : Tomcat initialized with port(s): 7070 (http)
2017-10-21 17:16:14.050  INFO 15720 --- [main] o.apache.catalina.core.StandardService   : Starting service [Tomcat]
2017-10-21 17:16:14.051  INFO 15720 --- [main] org.apache.catalina.core.StandardEngine  : Starting Servlet Engine: Apache Tomcat/8.5.23
2017-10-21 17:16:14.144  INFO 15720 --- [localhost-startStop-1] o.a.c.c.C.[.[.[/micro-service-provider]  : Initializing Spring embedded WebApplicationContext
2017-10-21 17:16:14.145  INFO 15720 --- [localhost-startStop-1] o.s.web.context.ContextLoader            : Root WebApplicationContext: initialization completed in 1116 ms
2017-10-21 17:16:14.268  INFO 15720 --- [localhost-startStop-1] o.s.b.w.servlet.ServletRegistrationBean  : Mapping servlet: 'dispatcherServlet' to [/]
2017-10-21 17:16:14.272  INFO 15720 --- [localhost-startStop-1] o.s.b.w.servlet.FilterRegistrationBean   : Mapping filter: 'characterEncodingFilter' to: [/*]
2017-10-21 17:16:14.273  INFO 15720 --- [localhost-startStop-1] o.s.b.w.servlet.FilterRegistrationBean   : Mapping filter: 'hiddenHttpMethodFilter' to: [/*]
2017-10-21 17:16:14.273  INFO 15720 --- [localhost-startStop-1] o.s.b.w.servlet.FilterRegistrationBean   : Mapping filter: 'httpPutFormContentFilter' to: [/*]
2017-10-21 17:16:14.273  INFO 15720 --- [localhost-startStop-1] o.s.b.w.servlet.FilterRegistrationBean   : Mapping filter: 'requestContextFilter' to: [/*]
2017-10-21 17:16:14.308  WARN 15720 --- [main] ationConfigEmbeddedWebApplicationContext : Exception encountered during context initialization - cancelling refresh attempt: org.springframework.beans.factory.UnsatisfiedDependencyException: Error creating bean with name 'indexController': Unsatisfied dependency expressed through field 'client'; nested exception is org.springframework.beans.factory.NoSuchBeanDefinitionException: No qualifying bean of type 'com.netflix.discovery.DiscoveryClient' available: expected at least 1 bean which qualifies as autowire candidate. Dependency annotations: {@org.springframework.beans.factory.annotation.Autowired(required=true)}
2017-10-21 17:16:14.309  INFO 15720 --- [main] o.apache.catalina.core.StandardService   : Stopping service [Tomcat]
2017-10-21 17:16:14.322  INFO 15720 --- [main] utoConfigurationReportLoggingInitializer : 

Error starting ApplicationContext. To display the auto-configuration report re-run your application with 'debug' enabled.
2017-10-21 17:16:14.445 ERROR 15720 --- [main] o.s.b.d.LoggingFailureAnalysisReporter   : 

***************************
APPLICATION FAILED TO START
***************************

Description:

Field client in com.zhoufa.controller.IndexController required a bean of type 'com.netflix.discovery.DiscoveryClient' that could not be found.


Action:

Consider defining a bean of type 'com.netflix.discovery.DiscoveryClient' in your configuration.

2017-10-21 17:17:01.663  INFO 10360 --- [main] c.z.MicroServiceProviderApplication      : The following profiles are active: win
2017-10-21 17:17:01.683  INFO 10360 --- [main] ationConfigEmbeddedWebApplicationContext : Refreshing org.springframework.boot.context.embedded.AnnotationConfigEmbeddedWebApplicationContext@770d0ea6: startup date [Sat Oct 21 17:17:01 CST 2017]; parent: org.springframework.context.annotation.AnnotationConfigApplicationContext@5e600dd5
2017-10-21 17:17:02.311  INFO 10360 --- [main] o.s.cloud.context.scope.GenericScope     : BeanFactory id=123cf2d2-7393-3da4-a617-ed42302db251
2017-10-21 17:17:02.333  INFO 10360 --- [main] f.a.AutowiredAnnotationBeanPostProcessor : JSR-330 'javax.inject.Inject' annotation found and supported for autowiring
2017-10-21 17:17:02.374  INFO 10360 --- [main] trationDelegate$BeanPostProcessorChecker : Bean 'org.springframework.cloud.autoconfigure.ConfigurationPropertiesRebinderAutoConfiguration' of type [org.springframework.cloud.autoconfigure.ConfigurationPropertiesRebinderAutoConfiguration$$EnhancerBySpringCGLIB$$76ce1671] is not eligible for getting processed by all BeanPostProcessors (for example: not eligible for auto-proxying)
2017-10-21 17:17:02.674  INFO 10360 --- [main] s.b.c.e.t.TomcatEmbeddedServletContainer : Tomcat initialized with port(s): 7070 (http)
2017-10-21 17:17:02.680  INFO 10360 --- [main] o.apache.catalina.core.StandardService   : Starting service [Tomcat]
2017-10-21 17:17:02.681  INFO 10360 --- [main] org.apache.catalina.core.StandardEngine  : Starting Servlet Engine: Apache Tomcat/8.5.23
2017-10-21 17:17:02.768  INFO 10360 --- [localhost-startStop-1] o.a.c.c.C.[.[.[/micro-service-provider]  : Initializing Spring embedded WebApplicationContext
2017-10-21 17:17:02.768  INFO 10360 --- [localhost-startStop-1] o.s.web.context.ContextLoader            : Root WebApplicationContext: initialization completed in 1085 ms
2017-10-21 17:17:02.884  INFO 10360 --- [localhost-startStop-1] o.s.b.w.servlet.ServletRegistrationBean  : Mapping servlet: 'dispatcherServlet' to [/]
2017-10-21 17:17:02.889  INFO 10360 --- [localhost-startStop-1] o.s.b.w.servlet.FilterRegistrationBean   : Mapping filter: 'characterEncodingFilter' to: [/*]
2017-10-21 17:17:02.889  INFO 10360 --- [localhost-startStop-1] o.s.b.w.servlet.FilterRegistrationBean   : Mapping filter: 'hiddenHttpMethodFilter' to: [/*]
2017-10-21 17:17:02.889  INFO 10360 --- [localhost-startStop-1] o.s.b.w.servlet.FilterRegistrationBean   : Mapping filter: 'httpPutFormContentFilter' to: [/*]
2017-10-21 17:17:02.889  INFO 10360 --- [localhost-startStop-1] o.s.b.w.servlet.FilterRegistrationBean   : Mapping filter: 'requestContextFilter' to: [/*]
2017-10-21 17:17:03.576  INFO 10360 --- [main] s.w.s.m.m.a.RequestMappingHandlerAdapter : Looking for @ControllerAdvice: org.springframework.boot.context.embedded.AnnotationConfigEmbeddedWebApplicationContext@770d0ea6: startup date [Sat Oct 21 17:17:01 CST 2017]; parent: org.springframework.context.annotation.AnnotationConfigApplicationContext@5e600dd5
2017-10-21 17:17:03.652  INFO 10360 --- [main] s.w.s.m.m.a.RequestMappingHandlerMapping : Mapped "{[/index]}" onto public java.lang.String com.zhoufa.controller.IndexController.index()
2017-10-21 17:17:03.657  INFO 10360 --- [main] s.w.s.m.m.a.RequestMappingHandlerMapping : Mapped "{[/error]}" onto public org.springframework.http.ResponseEntity<java.util.Map<java.lang.String, java.lang.Object>> org.springframework.boot.autoconfigure.web.BasicErrorController.error(javax.servlet.http.HttpServletRequest)
2017-10-21 17:17:03.658  INFO 10360 --- [main] s.w.s.m.m.a.RequestMappingHandlerMapping : Mapped "{[/error],produces=[text/html]}" onto public org.springframework.web.servlet.ModelAndView org.springframework.boot.autoconfigure.web.BasicErrorController.errorHtml(javax.servlet.http.HttpServletRequest,javax.servlet.http.HttpServletResponse)
2017-10-21 17:17:03.700  INFO 10360 --- [main] o.s.w.s.handler.SimpleUrlHandlerMapping  : Mapped URL path [/webjars/**] onto handler of type [class org.springframework.web.servlet.resource.ResourceHttpRequestHandler]
2017-10-21 17:17:03.702  INFO 10360 --- [main] o.s.w.s.handler.SimpleUrlHandlerMapping  : Mapped URL path [/**] onto handler of type [class org.springframework.web.servlet.resource.ResourceHttpRequestHandler]
2017-10-21 17:17:03.757  INFO 10360 --- [main] o.s.w.s.handler.SimpleUrlHandlerMapping  : Mapped URL path [/**/favicon.ico] onto handler of type [class org.springframework.web.servlet.resource.ResourceHttpRequestHandler]
2017-10-21 17:17:04.269  WARN 10360 --- [main] c.n.c.sources.URLConfigurationSource     : No URLs will be polled as dynamic configuration sources.
2017-10-21 17:17:04.269  INFO 10360 --- [main] c.n.c.sources.URLConfigurationSource     : To enable URLs as dynamic configuration sources, define System property archaius.configurationSource.additionalUrls or make config.properties available on classpath.
2017-10-21 17:17:04.272  WARN 10360 --- [main] c.n.c.sources.URLConfigurationSource     : No URLs will be polled as dynamic configuration sources.
2017-10-21 17:17:04.272  INFO 10360 --- [main] c.n.c.sources.URLConfigurationSource     : To enable URLs as dynamic configuration sources, define System property archaius.configurationSource.additionalUrls or make config.properties available on classpath.
2017-10-21 17:17:04.382  INFO 10360 --- [main] o.s.j.e.a.AnnotationMBeanExporter        : Registering beans for JMX exposure on startup
2017-10-21 17:17:04.388  INFO 10360 --- [main] o.s.j.e.a.AnnotationMBeanExporter        : Bean with name 'environmentManager' has been autodetected for JMX exposure
2017-10-21 17:17:04.389  INFO 10360 --- [main] o.s.j.e.a.AnnotationMBeanExporter        : Bean with name 'configurationPropertiesRebinder' has been autodetected for JMX exposure
2017-10-21 17:17:04.390  INFO 10360 --- [main] o.s.j.e.a.AnnotationMBeanExporter        : Bean with name 'refreshScope' has been autodetected for JMX exposure
2017-10-21 17:17:04.392  INFO 10360 --- [main] o.s.j.e.a.AnnotationMBeanExporter        : Located managed bean 'environmentManager': registering with JMX server as MBean [org.springframework.cloud.context.environment:name=environmentManager,type=EnvironmentManager]
2017-10-21 17:17:04.402  INFO 10360 --- [main] o.s.j.e.a.AnnotationMBeanExporter        : Located managed bean 'refreshScope': registering with JMX server as MBean [org.springframework.cloud.context.scope.refresh:name=refreshScope,type=RefreshScope]
2017-10-21 17:17:04.413  INFO 10360 --- [main] o.s.j.e.a.AnnotationMBeanExporter        : Located managed bean 'configurationPropertiesRebinder': registering with JMX server as MBean [org.springframework.cloud.context.properties:name=configurationPropertiesRebinder,context=770d0ea6,type=ConfigurationPropertiesRebinder]
2017-10-21 17:17:04.500  INFO 10360 --- [main] o.s.c.support.DefaultLifecycleProcessor  : Starting beans in phase 0
2017-10-21 17:17:04.506  INFO 10360 --- [main] o.s.c.n.eureka.InstanceInfoFactory       : Setting initial instance status as: STARTING
2017-10-21 17:17:04.550  INFO 10360 --- [main] com.netflix.discovery.DiscoveryClient    : Initializing Eureka in region us-east-1
2017-10-21 17:17:04.706  INFO 10360 --- [main] c.n.d.provider.DiscoveryJerseyProvider   : Using JSON encoding codec LegacyJacksonJson
2017-10-21 17:17:04.707  INFO 10360 --- [main] c.n.d.provider.DiscoveryJerseyProvider   : Using JSON decoding codec LegacyJacksonJson
2017-10-21 17:17:04.853  INFO 10360 --- [main] c.n.d.provider.DiscoveryJerseyProvider   : Using XML encoding codec XStreamXml
2017-10-21 17:17:04.853  INFO 10360 --- [main] c.n.d.provider.DiscoveryJerseyProvider   : Using XML decoding codec XStreamXml
2017-10-21 17:17:05.059  INFO 10360 --- [main] c.n.d.s.r.aws.ConfigClusterResolver      : Resolving eureka endpoints via configuration
2017-10-21 17:17:05.153  INFO 10360 --- [main] com.netflix.discovery.DiscoveryClient    : Starting heartbeat executor: renew interval is: 30
2017-10-21 17:17:05.155  INFO 10360 --- [main] c.n.discovery.InstanceInfoReplicator     : InstanceInfoReplicator onDemand update allowed rate per min is 4
2017-10-21 17:17:05.158  INFO 10360 --- [main] com.netflix.discovery.DiscoveryClient    : Discovery Client initialized at timestamp 1508577425158 with initial instances count: 0
2017-10-21 17:17:05.174  INFO 10360 --- [main] o.s.c.n.e.s.EurekaServiceRegistry        : Registering application micro-service-provider with eureka with status UP
2017-10-21 17:17:05.175  INFO 10360 --- [main] com.netflix.discovery.DiscoveryClient    : Saw local status change event StatusChangeEvent [timestamp=1508577425175, current=UP, previous=STARTING]
2017-10-21 17:17:05.176  INFO 10360 --- [DiscoveryClient-InstanceInfoReplicator-0] com.netflix.discovery.DiscoveryClient    : DiscoveryClient_MICRO-SERVICE-PROVIDER/windows10.microdone.cn:micro-service-provider:7070: registering service...
2017-10-21 17:17:05.239  INFO 10360 --- [main] s.b.c.e.t.TomcatEmbeddedServletContainer : Tomcat started on port(s): 7070 (http)
2017-10-21 17:17:05.240  INFO 10360 --- [main] .s.c.n.e.s.EurekaAutoServiceRegistration : Updating port to 7070
2017-10-21 17:17:05.243  INFO 10360 --- [main] c.z.MicroServiceProviderApplication      : Started MicroServiceProviderApplication in 5.764 seconds (JVM running for 6.326)
2017-10-21 17:17:05.509  INFO 10360 --- [DiscoveryClient-InstanceInfoReplicator-0] com.netflix.discovery.DiscoveryClient    : DiscoveryClient_MICRO-SERVICE-PROVIDER/windows10.microdone.cn:micro-service-provider:7070 - registration status: 204
2017-10-21 17:19:29.228  INFO 10360 --- [http-nio-7070-exec-4] o.a.c.c.C.[.[.[/micro-service-provider]  : Initializing Spring FrameworkServlet 'dispatcherServlet'
2017-10-21 17:19:29.228  INFO 10360 --- [http-nio-7070-exec-4] o.s.web.servlet.DispatcherServlet        : FrameworkServlet 'dispatcherServlet': initialization started
2017-10-21 17:19:29.252  INFO 10360 --- [http-nio-7070-exec-4] o.s.web.servlet.DispatcherServlet        : FrameworkServlet 'dispatcherServlet': initialization completed in 24 ms
2017-10-21 17:19:29.277  INFO 10360 --- [http-nio-7070-exec-4] com.zhoufa.controller.IndexController    : /index, host:
2017-10-21 17:22:05.181  INFO 10360 --- [AsyncResolver-bootstrap-executor-0] c.n.d.s.r.aws.ConfigClusterResolver      : Resolving eureka endpoints via configuration
2017-10-21 17:27:05.183  INFO 10360 --- [AsyncResolver-bootstrap-executor-0] c.n.d.s.r.aws.ConfigClusterResolver      : Resolving eureka endpoints via configuration
2017-10-23 10:51:15.117  INFO 5316 --- [main] c.z.MicroServiceProviderApplication      : The following profiles are active: win
2017-10-23 10:51:15.132  INFO 5316 --- [main] ationConfigEmbeddedWebApplicationContext : Refreshing org.springframework.boot.context.embedded.AnnotationConfigEmbeddedWebApplicationContext@7e70bd39: startup date [Mon Oct 23 10:51:15 CST 2017]; parent: org.springframework.context.annotation.AnnotationConfigApplicationContext@5e600dd5
2017-10-23 10:51:15.757  INFO 5316 --- [main] o.s.cloud.context.scope.GenericScope     : BeanFactory id=123cf2d2-7393-3da4-a617-ed42302db251
2017-10-23 10:51:15.773  INFO 5316 --- [main] f.a.AutowiredAnnotationBeanPostProcessor : JSR-330 'javax.inject.Inject' annotation found and supported for autowiring
2017-10-23 10:51:15.820  INFO 5316 --- [main] trationDelegate$BeanPostProcessorChecker : Bean 'org.springframework.cloud.autoconfigure.ConfigurationPropertiesRebinderAutoConfiguration' of type [org.springframework.cloud.autoconfigure.ConfigurationPropertiesRebinderAutoConfiguration$$EnhancerBySpringCGLIB$$ed1923d8] is not eligible for getting processed by all BeanPostProcessors (for example: not eligible for auto-proxying)
2017-10-23 10:51:16.086  INFO 5316 --- [main] s.b.c.e.t.TomcatEmbeddedServletContainer : Tomcat initialized with port(s): 7070 (http)
2017-10-23 10:51:16.101  INFO 5316 --- [main] o.apache.catalina.core.StandardService   : Starting service [Tomcat]
2017-10-23 10:51:16.101  INFO 5316 --- [main] org.apache.catalina.core.StandardEngine  : Starting Servlet Engine: Apache Tomcat/8.5.23
2017-10-23 10:51:16.200  INFO 5316 --- [localhost-startStop-1] o.a.c.c.C.[.[.[/micro-service-provider]  : Initializing Spring embedded WebApplicationContext
2017-10-23 10:51:16.200  INFO 5316 --- [localhost-startStop-1] o.s.web.context.ContextLoader            : Root WebApplicationContext: initialization completed in 1068 ms
2017-10-23 10:51:16.333  INFO 5316 --- [localhost-startStop-1] o.s.b.w.servlet.ServletRegistrationBean  : Mapping servlet: 'dispatcherServlet' to [/]
2017-10-23 10:51:16.337  INFO 5316 --- [localhost-startStop-1] o.s.b.w.servlet.FilterRegistrationBean   : Mapping filter: 'characterEncodingFilter' to: [/*]
2017-10-23 10:51:16.338  INFO 5316 --- [localhost-startStop-1] o.s.b.w.servlet.FilterRegistrationBean   : Mapping filter: 'hiddenHttpMethodFilter' to: [/*]
2017-10-23 10:51:16.338  INFO 5316 --- [localhost-startStop-1] o.s.b.w.servlet.FilterRegistrationBean   : Mapping filter: 'httpPutFormContentFilter' to: [/*]
2017-10-23 10:51:16.338  INFO 5316 --- [localhost-startStop-1] o.s.b.w.servlet.FilterRegistrationBean   : Mapping filter: 'requestContextFilter' to: [/*]
2017-10-23 10:51:16.798  INFO 5316 --- [main] s.w.s.m.m.a.RequestMappingHandlerAdapter : Looking for @ControllerAdvice: org.springframework.boot.context.embedded.AnnotationConfigEmbeddedWebApplicationContext@7e70bd39: startup date [Mon Oct 23 10:51:15 CST 2017]; parent: org.springframework.context.annotation.AnnotationConfigApplicationContext@5e600dd5
2017-10-23 10:51:16.842  INFO 5316 --- [main] s.w.s.m.m.a.RequestMappingHandlerMapping : Mapped "{[/index]}" onto public java.lang.String com.zhoufa.controller.IndexController.index()
2017-10-23 10:51:16.846  INFO 5316 --- [main] s.w.s.m.m.a.RequestMappingHandlerMapping : Mapped "{[/error]}" onto public org.springframework.http.ResponseEntity<java.util.Map<java.lang.String, java.lang.Object>> org.springframework.boot.autoconfigure.web.BasicErrorController.error(javax.servlet.http.HttpServletRequest)
2017-10-23 10:51:16.846  INFO 5316 --- [main] s.w.s.m.m.a.RequestMappingHandlerMapping : Mapped "{[/error],produces=[text/html]}" onto public org.springframework.web.servlet.ModelAndView org.springframework.boot.autoconfigure.web.BasicErrorController.errorHtml(javax.servlet.http.HttpServletRequest,javax.servlet.http.HttpServletResponse)
2017-10-23 10:51:16.874  INFO 5316 --- [main] o.s.w.s.handler.SimpleUrlHandlerMapping  : Mapped URL path [/webjars/**] onto handler of type [class org.springframework.web.servlet.resource.ResourceHttpRequestHandler]
2017-10-23 10:51:16.875  INFO 5316 --- [main] o.s.w.s.handler.SimpleUrlHandlerMapping  : Mapped URL path [/**] onto handler of type [class org.springframework.web.servlet.resource.ResourceHttpRequestHandler]
2017-10-23 10:51:16.908  INFO 5316 --- [main] o.s.w.s.handler.SimpleUrlHandlerMapping  : Mapped URL path [/**/favicon.ico] onto handler of type [class org.springframework.web.servlet.resource.ResourceHttpRequestHandler]
2017-10-23 10:51:17.189  WARN 5316 --- [main] c.n.c.sources.URLConfigurationSource     : No URLs will be polled as dynamic configuration sources.
2017-10-23 10:51:17.189  INFO 5316 --- [main] c.n.c.sources.URLConfigurationSource     : To enable URLs as dynamic configuration sources, define System property archaius.configurationSource.additionalUrls or make config.properties available on classpath.
2017-10-23 10:51:17.195  WARN 5316 --- [main] c.n.c.sources.URLConfigurationSource     : No URLs will be polled as dynamic configuration sources.
2017-10-23 10:51:17.195  INFO 5316 --- [main] c.n.c.sources.URLConfigurationSource     : To enable URLs as dynamic configuration sources, define System property archaius.configurationSource.additionalUrls or make config.properties available on classpath.
2017-10-23 10:51:17.295  INFO 5316 --- [main] o.s.j.e.a.AnnotationMBeanExporter        : Registering beans for JMX exposure on startup
2017-10-23 10:51:17.295  INFO 5316 --- [main] o.s.j.e.a.AnnotationMBeanExporter        : Bean with name 'environmentManager' has been autodetected for JMX exposure
2017-10-23 10:51:17.295  INFO 5316 --- [main] o.s.j.e.a.AnnotationMBeanExporter        : Bean with name 'configurationPropertiesRebinder' has been autodetected for JMX exposure
2017-10-23 10:51:17.311  INFO 5316 --- [main] o.s.j.e.a.AnnotationMBeanExporter        : Bean with name 'refreshScope' has been autodetected for JMX exposure
2017-10-23 10:51:17.311  INFO 5316 --- [main] o.s.j.e.a.AnnotationMBeanExporter        : Located managed bean 'environmentManager': registering with JMX server as MBean [org.springframework.cloud.context.environment:name=environmentManager,type=EnvironmentManager]
2017-10-23 10:51:17.311  INFO 5316 --- [main] o.s.j.e.a.AnnotationMBeanExporter        : Located managed bean 'refreshScope': registering with JMX server as MBean [org.springframework.cloud.context.scope.refresh:name=refreshScope,type=RefreshScope]
2017-10-23 10:51:17.326  INFO 5316 --- [main] o.s.j.e.a.AnnotationMBeanExporter        : Located managed bean 'configurationPropertiesRebinder': registering with JMX server as MBean [org.springframework.cloud.context.properties:name=configurationPropertiesRebinder,context=7e70bd39,type=ConfigurationPropertiesRebinder]
2017-10-23 10:51:17.405  INFO 5316 --- [main] o.s.c.support.DefaultLifecycleProcessor  : Starting beans in phase 0
2017-10-23 10:51:17.420  INFO 5316 --- [main] o.s.c.n.eureka.InstanceInfoFactory       : Setting initial instance status as: STARTING
2017-10-23 10:51:17.467  INFO 5316 --- [main] com.netflix.discovery.DiscoveryClient    : Initializing Eureka in region us-east-1
2017-10-23 10:51:17.670  INFO 5316 --- [main] c.n.d.provider.DiscoveryJerseyProvider   : Using JSON encoding codec LegacyJacksonJson
2017-10-23 10:51:17.670  INFO 5316 --- [main] c.n.d.provider.DiscoveryJerseyProvider   : Using JSON decoding codec LegacyJacksonJson
2017-10-23 10:51:17.762  INFO 5316 --- [main] c.n.d.provider.DiscoveryJerseyProvider   : Using XML encoding codec XStreamXml
2017-10-23 10:51:17.762  INFO 5316 --- [main] c.n.d.provider.DiscoveryJerseyProvider   : Using XML decoding codec XStreamXml
2017-10-23 10:51:17.969  INFO 5316 --- [main] c.n.d.s.r.aws.ConfigClusterResolver      : Resolving eureka endpoints via configuration
2017-10-23 10:51:18.025  INFO 5316 --- [main] com.netflix.discovery.DiscoveryClient    : Starting heartbeat executor: renew interval is: 30
2017-10-23 10:51:18.027  INFO 5316 --- [main] c.n.discovery.InstanceInfoReplicator     : InstanceInfoReplicator onDemand update allowed rate per min is 4
2017-10-23 10:51:18.030  INFO 5316 --- [main] com.netflix.discovery.DiscoveryClient    : Discovery Client initialized at timestamp 1508727078030 with initial instances count: 0
2017-10-23 10:51:18.047  INFO 5316 --- [main] o.s.c.n.e.s.EurekaServiceRegistry        : Registering application micro-service-provider with eureka with status UP
2017-10-23 10:51:18.047  INFO 5316 --- [main] com.netflix.discovery.DiscoveryClient    : Saw local status change event StatusChangeEvent [timestamp=1508727078047, current=UP, previous=STARTING]
2017-10-23 10:51:18.049  INFO 5316 --- [DiscoveryClient-InstanceInfoReplicator-0] com.netflix.discovery.DiscoveryClient    : DiscoveryClient_MICRO-SERVICE-PROVIDER/windows10.microdone.cn:micro-service-provider:7070: registering service...
2017-10-23 10:51:18.122  INFO 5316 --- [main] s.b.c.e.t.TomcatEmbeddedServletContainer : Tomcat started on port(s): 7070 (http)
2017-10-23 10:51:18.123  INFO 5316 --- [main] .s.c.n.e.s.EurekaAutoServiceRegistration : Updating port to 7070
2017-10-23 10:51:18.126  INFO 5316 --- [main] c.z.MicroServiceProviderApplication      : Started MicroServiceProviderApplication in 5.504 seconds (JVM running for 6.316)
2017-10-23 10:51:18.475  INFO 5316 --- [DiscoveryClient-InstanceInfoReplicator-0] com.netflix.discovery.DiscoveryClient    : DiscoveryClient_MICRO-SERVICE-PROVIDER/windows10.microdone.cn:micro-service-provider:7070 - registration status: 204
2017-10-23 10:56:18.070  INFO 5316 --- [AsyncResolver-bootstrap-executor-0] c.n.d.s.r.aws.ConfigClusterResolver      : Resolving eureka endpoints via configuration
2017-10-23 11:01:18.073  INFO 5316 --- [AsyncResolver-bootstrap-executor-0] c.n.d.s.r.aws.ConfigClusterResolver      : Resolving eureka endpoints via configuration
2017-10-23 11:06:18.075  INFO 5316 --- [AsyncResolver-bootstrap-executor-0] c.n.d.s.r.aws.ConfigClusterResolver      : Resolving eureka endpoints via configuration
2017-10-23 11:11:18.078  INFO 5316 --- [AsyncResolver-bootstrap-executor-0] c.n.d.s.r.aws.ConfigClusterResolver      : Resolving eureka endpoints via configuration
2017-10-23 11:16:18.079  INFO 5316 --- [AsyncResolver-bootstrap-executor-0] c.n.d.s.r.aws.ConfigClusterResolver      : Resolving eureka endpoints via configuration
2017-10-23 11:21:18.081  INFO 5316 --- [AsyncResolver-bootstrap-executor-0] c.n.d.s.r.aws.ConfigClusterResolver      : Resolving eureka endpoints via configuration
2017-10-23 11:26:18.082  INFO 5316 --- [AsyncResolver-bootstrap-executor-0] c.n.d.s.r.aws.ConfigClusterResolver      : Resolving eureka endpoints via configuration
2017-10-23 11:31:18.084  INFO 5316 --- [AsyncResolver-bootstrap-executor-0] c.n.d.s.r.aws.ConfigClusterResolver      : Resolving eureka endpoints via configuration
2017-10-23 11:33:40.314  INFO 5316 --- [http-nio-7070-exec-3] o.a.c.c.C.[.[.[/micro-service-provider]  : Initializing Spring FrameworkServlet 'dispatcherServlet'
2017-10-23 11:33:40.314  INFO 5316 --- [http-nio-7070-exec-3] o.s.web.servlet.DispatcherServlet        : FrameworkServlet 'dispatcherServlet': initialization started
2017-10-23 11:33:40.330  INFO 5316 --- [http-nio-7070-exec-3] o.s.web.servlet.DispatcherServlet        : FrameworkServlet 'dispatcherServlet': initialization completed in 16 ms
2017-10-23 11:33:40.349  INFO 5316 --- [http-nio-7070-exec-3] com.zhoufa.controller.IndexController    : /index, host:
